<?xml version="1.0" encoding="UTF-8"?>
<testsuites>
  <testsuite name="fastlane.lanes">
    
    
    
      
      <testcase classname="fastlane.lanes" name="0: default_platform" time="0.000246">
        
      </testcase>
    
      
      <testcase classname="fastlane.lanes" name="1: mkdir -p ./fastlane/screenshots/en/iPhone_16_Pro_Max" time="0.005795">
        
      </testcase>
    
      
      <testcase classname="fastlane.lanes" name="2: cd /Users/newtechlab/Documents/GitHub/PolyglotPathways/ios &amp;&amp; flutter drive --driver=test_driver/screenshot_driver.dart --target=integration_test/screenshot_test.dart -d 85C0BAEC-DDE4-4B2A-BEF2-00F7D1BB38EE --dart-define=SCREENSHOT_LANGUAGE=en" time="1392.724396">
        
          <failure message="/Users/newtechlab/Documents/GitHub/PolyglotPathways/ios/vendor/bundle/ruby/3.3.0/gems/fastlane-2.229.1/fastlane/lib/fastlane/actions/actions_helper.rb:67:in `execute_action&apos;&#10;/Users/newtechlab/Documents/GitHub/PolyglotPathways/ios/vendor/bundle/ruby/3.3.0/gems/fastlane-2.229.1/fastlane/lib/fastlane/fast_file.rb:224:in `sh&apos;&#10;/Users/newtechlab/Documents/GitHub/PolyglotPathways/ios/vendor/bundle/ruby/3.3.0/gems/fastlane-2.229.1/fastlane/lib/fastlane/fast_file.rb:216:in `sh&apos;&#10;Fastfile:81:in `block (3 levels) in parsing_binding&apos;&#10;Fastfile:75:in `each&apos;&#10;Fastfile:75:in `block (2 levels) in parsing_binding&apos;&#10;/Users/newtechlab/Documents/GitHub/PolyglotPathways/ios/vendor/bundle/ruby/3.3.0/gems/fastlane-2.229.1/fastlane/lib/fastlane/lane.rb:41:in `call&apos;&#10;/Users/newtechlab/Documents/GitHub/PolyglotPathways/ios/vendor/bundle/ruby/3.3.0/gems/fastlane-2.229.1/fastlane/lib/fastlane/runner.rb:49:in `block in execute&apos;&#10;/Users/newtechlab/Documents/GitHub/PolyglotPathways/ios/vendor/bundle/ruby/3.3.0/gems/fastlane-2.229.1/fastlane/lib/fastlane/runner.rb:45:in `chdir&apos;&#10;/Users/newtechlab/Documents/GitHub/PolyglotPathways/ios/vendor/bundle/ruby/3.3.0/gems/fastlane-2.229.1/fastlane/lib/fastlane/runner.rb:45:in `execute&apos;&#10;/Users/newtechlab/Documents/GitHub/PolyglotPathways/ios/vendor/bundle/ruby/3.3.0/gems/fastlane-2.229.1/fastlane/lib/fastlane/lane_manager.rb:46:in `cruise_lane&apos;&#10;/Users/newtechlab/Documents/GitHub/PolyglotPathways/ios/vendor/bundle/ruby/3.3.0/gems/fastlane-2.229.1/fastlane/lib/fastlane/command_line_handler.rb:34:in `handle&apos;&#10;/Users/newtechlab/Documents/GitHub/PolyglotPathways/ios/vendor/bundle/ruby/3.3.0/gems/fastlane-2.229.1/fastlane/lib/fastlane/commands_generator.rb:110:in `block (2 levels) in run&apos;&#10;/Users/newtechlab/Documents/GitHub/PolyglotPathways/ios/vendor/bundle/ruby/3.3.0/gems/commander-4.6.0/lib/commander/command.rb:187:in `call&apos;&#10;/Users/newtechlab/Documents/GitHub/PolyglotPathways/ios/vendor/bundle/ruby/3.3.0/gems/commander-4.6.0/lib/commander/command.rb:157:in `run&apos;&#10;/Users/newtechlab/Documents/GitHub/PolyglotPathways/ios/vendor/bundle/ruby/3.3.0/gems/commander-4.6.0/lib/commander/runner.rb:444:in `run_active_command&apos;&#10;/Users/newtechlab/Documents/GitHub/PolyglotPathways/ios/vendor/bundle/ruby/3.3.0/gems/fastlane-2.229.1/fastlane_core/lib/fastlane_core/ui/fastlane_runner.rb:124:in `run!&apos;&#10;/Users/newtechlab/Documents/GitHub/PolyglotPathways/ios/vendor/bundle/ruby/3.3.0/gems/commander-4.6.0/lib/commander/delegates.rb:18:in `run!&apos;&#10;/Users/newtechlab/Documents/GitHub/PolyglotPathways/ios/vendor/bundle/ruby/3.3.0/gems/fastlane-2.229.1/fastlane/lib/fastlane/commands_generator.rb:363:in `run&apos;&#10;/Users/newtechlab/Documents/GitHub/PolyglotPathways/ios/vendor/bundle/ruby/3.3.0/gems/fastlane-2.229.1/fastlane/lib/fastlane/commands_generator.rb:43:in `start&apos;&#10;/Users/newtechlab/Documents/GitHub/PolyglotPathways/ios/vendor/bundle/ruby/3.3.0/gems/fastlane-2.229.1/fastlane/lib/fastlane/cli_tools_distributor.rb:123:in `take_off&apos;&#10;/Users/newtechlab/Documents/GitHub/PolyglotPathways/ios/vendor/bundle/ruby/3.3.0/gems/fastlane-2.229.1/bin/fastlane:23:in `&lt;top (required)&gt;&apos;&#10;/Users/newtechlab/.rbenv/versions/3.3.7/lib/ruby/site_ruby/3.3.0/rubygems.rb:319:in `load&apos;&#10;/Users/newtechlab/.rbenv/versions/3.3.7/lib/ruby/site_ruby/3.3.0/rubygems.rb:319:in `activate_and_load_bin_path&apos;&#10;/Users/newtechlab/Documents/GitHub/PolyglotPathways/ios/vendor/bundle/ruby/3.3.0/bin/fastlane:25:in `&lt;top (required)&gt;&apos;&#10;/Users/newtechlab/.rbenv/versions/3.3.7/lib/ruby/site_ruby/3.3.0/bundler/cli/exec.rb:59:in `load&apos;&#10;/Users/newtechlab/.rbenv/versions/3.3.7/lib/ruby/site_ruby/3.3.0/bundler/cli/exec.rb:59:in `kernel_load&apos;&#10;/Users/newtechlab/.rbenv/versions/3.3.7/lib/ruby/site_ruby/3.3.0/bundler/cli/exec.rb:23:in `run&apos;&#10;/Users/newtechlab/.rbenv/versions/3.3.7/lib/ruby/site_ruby/3.3.0/bundler/cli.rb:456:in `exec&apos;&#10;/Users/newtechlab/.rbenv/versions/3.3.7/lib/ruby/site_ruby/3.3.0/bundler/vendor/thor/lib/thor/command.rb:28:in `run&apos;&#10;/Users/newtechlab/.rbenv/versions/3.3.7/lib/ruby/site_ruby/3.3.0/bundler/vendor/thor/lib/thor/invocation.rb:127:in `invoke_command&apos;&#10;/Users/newtechlab/.rbenv/versions/3.3.7/lib/ruby/site_ruby/3.3.0/bundler/vendor/thor/lib/thor.rb:538:in `dispatch&apos;&#10;/Users/newtechlab/.rbenv/versions/3.3.7/lib/ruby/site_ruby/3.3.0/bundler/cli.rb:35:in `dispatch&apos;&#10;/Users/newtechlab/.rbenv/versions/3.3.7/lib/ruby/site_ruby/3.3.0/bundler/vendor/thor/lib/thor/base.rb:584:in `start&apos;&#10;/Users/newtechlab/.rbenv/versions/3.3.7/lib/ruby/site_ruby/3.3.0/bundler/cli.rb:29:in `start&apos;&#10;/Users/newtechlab/.rbenv/versions/3.3.7/lib/ruby/gems/3.3.0/gems/bundler-2.7.2/exe/bundle:28:in `block in &lt;top (required)&gt;&apos;&#10;/Users/newtechlab/.rbenv/versions/3.3.7/lib/ruby/site_ruby/3.3.0/bundler/friendly_errors.rb:118:in `with_friendly_errors&apos;&#10;/Users/newtechlab/.rbenv/versions/3.3.7/lib/ruby/gems/3.3.0/gems/bundler-2.7.2/exe/bundle:20:in `&lt;top (required)&gt;&apos;&#10;/Users/newtechlab/.rbenv/versions/3.3.7/lib/ruby/site_ruby/3.3.0/rubygems.rb:319:in `load&apos;&#10;/Users/newtechlab/.rbenv/versions/3.3.7/lib/ruby/site_ruby/3.3.0/rubygems.rb:319:in `activate_and_load_bin_path&apos;&#10;/Users/newtechlab/.rbenv/versions/3.3.7/bin/bundle:25:in `&lt;main&gt;&apos;&#10;&#10;Exit status of command &apos;cd /Users/newtechlab/Documents/GitHub/PolyglotPathways/ios &amp;&amp; flutter drive --driver=test_driver/screenshot_driver.dart --target=integration_test/screenshot_test.dart -d 85C0BAEC-DDE4-4B2A-BEF2-00F7D1BB38EE --dart-define=SCREENSHOT_LANGUAGE=en&apos; was 1 instead of 0.&#10;Changing current working directory to: /Users/newtechlab/Documents/GitHub/PolyglotPathways&#10;Resolving dependencies...&#10;Downloading packages...&#10;  _fe_analyzer_shared 91.0.0 (92.0.0 available)&#10;  analyzer 8.4.1 (9.0.0 available)&#10;  build 4.0.2 (4.0.3 available)&#10;  build_daemon 4.1.0 (4.1.1 available)&#10;  build_runner 2.10.1 (2.10.4 available)&#10;  built_value 8.12.0 (8.12.1 available)&#10;  characters 1.4.0 (1.4.1 available)&#10;  confetti 0.7.0 (0.8.0 available)&#10;  dart_style 3.1.2 (3.1.3 available)&#10;  fl_chart 0.66.2 (1.1.1 available)&#10;  flutter_lints 3.0.2 (6.0.0 available)&#10;  http 1.5.0 (1.6.0 available)&#10;  json_serializable 6.11.1 (6.11.3 available)&#10;  lints 3.0.0 (6.0.0 available)&#10;  matcher 0.12.17 (0.12.18 available)&#10;  material_color_utilities 0.11.1 (0.13.0 available)&#10;  path_provider_android 2.2.20 (2.2.22 available)&#10;  path_provider_foundation 2.4.3 (2.5.1 available)&#10;  shared_preferences_android 2.4.15 (2.4.17 available)&#10;  shared_preferences_foundation 2.5.5 (2.5.6 available)&#10;  source_gen 4.0.2 (4.1.1 available)&#10;  source_helper 1.3.8 (1.3.9 available)&#10;  test_api 0.7.7 (0.7.8 available)&#10;Got dependencies!&#10;23 packages have newer versions incompatible with dependency constraints.&#10;Try `flutter pub outdated` for more information.&#10;Warning: CocoaPods is installed but broken. Skipping pod install.&#10;  You appear to have CocoaPods installed but it is not working.&#10;  This can happen if the version of Ruby that CocoaPods was installed with is different from the one being used to invoke it.&#10;  This can usually be fixed by re-installing CocoaPods.&#10;For re-installation instructions, see https://guides.cocoapods.org/using/getting-started.html#installation&#10;&#10;CocoaPods not installed or not in valid state.&#10;Application failed to start on attempt: 1&#10;VMServiceFlutterDriver: Connecting to Flutter application at http://127.0.0.1:55056/AgRJfjEW9U8=/&#10;VMServiceFlutterDriver: Isolate found with number: 5217096489802563&#10;VMServiceFlutterDriver: Isolate 5217096489802563 is runnable.&#10;VMServiceFlutterDriver: Isolate is paused at start.&#10;VMServiceFlutterDriver: Attempting to resume isolate&#10;VMServiceFlutterDriver: Flutter Driver extension is taking a long time to become available. Ensure your test app (often &quot;lib/main.dart&quot;) imports &quot;package:flutter_driver/driver_extension.dart&quot; and calls enableFlutterDriverExtension() as the first call in main().&#10;Unable to terminate com.beeasyenterprises.polyglotPathways on 85C0BAEC-DDE4-4B2A-BEF2-00F7D1BB38EE:&#10;ProcessException: Process exited abnormally with exit code 3:&#10;An error was encountered processing the command (domain=NSPOSIXErrorDomain, code=3):&#10;Simulator device failed to terminate com.beeasyenterprises.polyglotPathways.&#10;found nothing to terminate&#10;Underlying error (domain=NSPOSIXErrorDomain, code=3):&#10;	The request to terminate &quot;com.beeasyenterprises.polyglotPathways&quot; failed. found nothing to terminate&#10;	found nothing to terminate&#10;  Command: /usr/bin/arch -arm64e xcrun simctl terminate 85C0BAEC-DDE4-4B2A-BEF2-00F7D1BB38EE com.beeasyenterprises.polyglotPathways&#10;" />
        
      </testcase>
    
  </testsuite>
</testsuites>
